[2025-11-18 01:37:54] production.ERROR: The /Users/maksmaksmaks/PRFRONT/bootstrap/cache directory must be present and writable. {"exception":"[object] (Exception(code: 0): The /Users/maksmaksmaks/PRFRONT/bootstrap/cache directory must be present and writable. at /Users/maksmaksmaks/PRFRONT/vendor/laravel/framework/src/Illuminate/Foundation/PackageManifest.php:179)
[stacktrace]
#0 /Users/maksmaksmaks/PRFRONT/vendor/laravel/framework/src/Illuminate/Foundation/PackageManifest.php(132): Illuminate\\Foundation\\PackageManifest->write(Array)
#1 /Users/maksmaksmaks/PRFRONT/vendor/laravel/framework/src/Illuminate/Foundation/PackageManifest.php(108): Illuminate\\Foundation\\PackageManifest->build()
#2 /Users/maksmaksmaks/PRFRONT/vendor/laravel/framework/src/Illuminate/Foundation/PackageManifest.php(91): Illuminate\\Foundation\\PackageManifest->getManifest()
#3 /Users/maksmaksmaks/PRFRONT/vendor/laravel/framework/src/Illuminate/Foundation/PackageManifest.php(80): Illuminate\\Foundation\\PackageManifest->config('aliases')
#4 /Users/maksmaksmaks/PRFRONT/vendor/laravel/framework/src/Illuminate/Foundation/Bootstrap/RegisterFacades.php(26): Illuminate\\Foundation\\PackageManifest->aliases()
#5 /Users/maksmaksmaks/PRFRONT/vendor/laravel/framework/src/Illuminate/Foundation/Application.php(342): Illuminate\\Foundation\\Bootstrap\\RegisterFacades->bootstrap(Object(Illuminate\\Foundation\\Application))
#6 /Users/maksmaksmaks/PRFRONT/vendor/laravel/framework/src/Illuminate/Foundation/Console/Kernel.php(474): Illuminate\\Foundation\\Application->bootstrapWith(Array)
#7 /Users/maksmaksmaks/PRFRONT/artisan(12): Illuminate\\Foundation\\Console\\Kernel->bootstrap()
#8 {main}
"} 
[2025-11-18 01:37:54] production.ERROR: The /Users/maksmaksmaks/PRFRONT/bootstrap/cache directory must be present and writable. {"exception":"[object] (Exception(code: 0): The /Users/maksmaksmaks/PRFRONT/bootstrap/cache directory must be present and writable. at /Users/maksmaksmaks/PRFRONT/vendor/laravel/framework/src/Illuminate/Foundation/PackageManifest.php:179)
[stacktrace]
#0 /Users/maksmaksmaks/PRFRONT/vendor/laravel/framework/src/Illuminate/Foundation/PackageManifest.php(132): Illuminate\\Foundation\\PackageManifest->write(Array)
#1 /Users/maksmaksmaks/PRFRONT/vendor/laravel/framework/src/Illuminate/Foundation/PackageManifest.php(108): Illuminate\\Foundation\\PackageManifest->build()
#2 /Users/maksmaksmaks/PRFRONT/vendor/laravel/framework/src/Illuminate/Foundation/PackageManifest.php(91): Illuminate\\Foundation\\PackageManifest->getManifest()
#3 /Users/maksmaksmaks/PRFRONT/vendor/laravel/framework/src/Illuminate/Foundation/PackageManifest.php(80): Illuminate\\Foundation\\PackageManifest->config('aliases')
#4 /Users/maksmaksmaks/PRFRONT/vendor/laravel/framework/src/Illuminate/Foundation/Bootstrap/RegisterFacades.php(26): Illuminate\\Foundation\\PackageManifest->aliases()
#5 /Users/maksmaksmaks/PRFRONT/vendor/laravel/framework/src/Illuminate/Foundation/Application.php(342): Illuminate\\Foundation\\Bootstrap\\RegisterFacades->bootstrap(Object(Illuminate\\Foundation\\Application))
#6 /Users/maksmaksmaks/PRFRONT/vendor/laravel/framework/src/Illuminate/Foundation/Console/Kernel.php(474): Illuminate\\Foundation\\Application->bootstrapWith(Array)
#7 /Users/maksmaksmaks/PRFRONT/artisan(12): Illuminate\\Foundation\\Console\\Kernel->bootstrap()
#8 {main}
"} 
